<?xml version="1.0" encoding="UTF-8"?>
<!-- Generated by org.testng.reporters.JUnitXMLReporter -->
<testsuite ignored="0" hostname="Sonu" failures="2" tests="2" name="Test_Smoke" time="0.096" errors="0" timestamp="2023-06-05T15:24:36 IST">
  <testcase classname="com.pageobject.tests.FirstLoginPageTest" name="verifyTitle" time="0.03">
    <failure type="java.lang.NullPointerException" message="Cannot invoke &amp;quot;org.openqa.selenium.WebDriver.getTitle()&amp;quot; because the return value of &amp;quot;com.pageobject.tests.FirstLoginPageTest.getDriver()&amp;quot; is null">
      <![CDATA[java.lang.NullPointerException: Cannot invoke "org.openqa.selenium.WebDriver.getTitle()" because the return value of "com.pageobject.tests.FirstLoginPageTest.getDriver()" is null
at com.pageobject.tests.FirstLoginPageTest.verifyTitle(FirstLoginPageTest.java:55)
at java.base/java.util.ArrayList.forEach(ArrayList.java:1511)
... Removed 27 stack frames]]>
    </failure>
  </testcase> <!-- verifyTitle -->
  <testcase classname="com.pageobject.tests.FirstLoginPageTest" name="verify_Login" time="0.018">
    <failure type="java.lang.IllegalArgumentException" message="Input must be set">
      <![CDATA[java.lang.IllegalArgumentException: Input must be set
at org.openqa.selenium.internal.Require.nonNull(Require.java:59)
at org.openqa.selenium.support.ui.FluentWait.<init>(FluentWait.java:97)
at org.openqa.selenium.support.ui.WebDriverWait.<init>(WebDriverWait.java:77)
at org.openqa.selenium.support.ui.WebDriverWait.<init>(WebDriverWait.java:46)
at Utilities.Actions.clickOnElement(Actions.java:45)
at com.pageojbect.Pages.FirstLoginPage.clickOnLoginButton(FirstLoginPage.java:52)
at com.pageobject.tests.FirstLoginPageTest.verify_Login(FirstLoginPageTest.java:46)
at java.base/java.util.ArrayList.forEach(ArrayList.java:1511)
... Removed 27 stack frames]]>
    </failure>
  </testcase> <!-- verify_Login -->
</testsuite> <!-- Test_Smoke -->
