<?xml version="1.0" encoding="UTF-8"?>
<!-- Generated by org.testng.reporters.JUnitXMLReporter -->
<testsuite ignored="0" hostname="Sonu" failures="1" tests="2" name="Test1" time="5.724" errors="0" timestamp="2023-06-07T14:16:00 IST">
  <testcase classname="com.pageobject.tests.FirstLoginPageTest" name="verifyTitle" time="0.032">
    <failure type="java.lang.AssertionError" message="expected [Swag Labs1] but found [Swag Labs]">
      <![CDATA[java.lang.AssertionError: expected [Swag Labs1] but found [Swag Labs]
at com.pageobject.tests.FirstLoginPageTest.verifyTitle(FirstLoginPageTest.java:55)
at java.base/java.util.ArrayList.forEach(ArrayList.java:1511)
... Removed 33 stack frames]]>
    </failure>
  </testcase> <!-- verifyTitle -->
  <testcase classname="com.pageobject.tests.FirstLoginPageTest" name="verify_Login" time="0.104"/>
</testsuite> <!-- Test1 -->
