<?xml version="1.0" encoding="UTF-8"?>
<testng-results ignored="0" total="2" passed="1" failed="1" skipped="0">
  <reporter-output>
  </reporter-output>
  <suite started-at="2023-06-07T14:15:54 IST" name="Suite1" finished-at="2023-06-07T14:16:00 IST" duration-ms="5724">
    <groups>
      <group name="smoke">
        <method signature="FirstLoginPageTest.verifyTitle()[pri:0, instance:com.pageobject.tests.FirstLoginPageTest@2d901eb0]" name="verifyTitle" class="com.pageobject.tests.FirstLoginPageTest"/>
        <method signature="FirstLoginPageTest.verify_Login()[pri:0, instance:com.pageobject.tests.FirstLoginPageTest@2d901eb0]" name="verify_Login" class="com.pageobject.tests.FirstLoginPageTest"/>
      </group> <!-- smoke -->
    </groups>
    <test started-at="2023-06-07T14:15:54 IST" name="Test1" finished-at="2023-06-07T14:16:00 IST" duration-ms="5724">
      <class name="com.pageobject.tests.FirstLoginPageTest">
        <test-method is-config="true" signature="loadConfig()[pri:0, instance:com.pageobject.tests.FirstLoginPageTest@2d901eb0]" started-at="2023-06-07T14:15:53 IST" name="loadConfig" finished-at="2023-06-07T14:15:54 IST" duration-ms="473" status="PASS">
          <reporter-output>
          </reporter-output>
        </test-method> <!-- loadConfig -->
        <test-method is-config="true" signature="setUp()[pri:0, instance:com.pageobject.tests.FirstLoginPageTest@2d901eb0]" started-at="2023-06-07T14:15:54 IST" name="setUp" finished-at="2023-06-07T14:15:57 IST" duration-ms="2904" status="PASS">
          <reporter-output>
          </reporter-output>
        </test-method> <!-- setUp -->
        <test-method signature="verifyTitle()[pri:0, instance:com.pageobject.tests.FirstLoginPageTest@2d901eb0]" started-at="2023-06-07T14:15:57 IST" name="verifyTitle" finished-at="2023-06-07T14:15:57 IST" duration-ms="32" status="FAIL">
          <exception class="java.lang.AssertionError">
            <message>
              <![CDATA[expected [Swag Labs1] but found [Swag Labs]]]>
            </message>
            <full-stacktrace>
              <![CDATA[java.lang.AssertionError: expected [Swag Labs1] but found [Swag Labs]
at org.testng.Assert.fail(Assert.java:110)
at org.testng.Assert.failNotEquals(Assert.java:1577)
at org.testng.Assert.assertEqualsImpl(Assert.java:149)
at org.testng.Assert.assertEquals(Assert.java:131)
at org.testng.Assert.assertEquals(Assert.java:655)
at org.testng.Assert.assertEquals(Assert.java:665)
at com.pageobject.tests.FirstLoginPageTest.verifyTitle(FirstLoginPageTest.java:55)
at java.base/jdk.internal.reflect.NativeMethodAccessorImpl.invoke0(Native Method)
at java.base/jdk.internal.reflect.NativeMethodAccessorImpl.invoke(NativeMethodAccessorImpl.java:77)
at java.base/jdk.internal.reflect.DelegatingMethodAccessorImpl.invoke(DelegatingMethodAccessorImpl.java:43)
at java.base/java.lang.reflect.Method.invoke(Method.java:568)
at org.testng.internal.invokers.MethodInvocationHelper.invokeMethod(MethodInvocationHelper.java:139)
at org.testng.internal.invokers.TestInvoker.invokeMethod(TestInvoker.java:677)
at org.testng.internal.invokers.TestInvoker.invokeTestMethod(TestInvoker.java:221)
at org.testng.internal.invokers.MethodRunner.runInSequence(MethodRunner.java:50)
at org.testng.internal.invokers.TestInvoker$MethodInvocationAgent.invoke(TestInvoker.java:969)
at org.testng.internal.invokers.TestInvoker.invokeTestMethods(TestInvoker.java:194)
at org.testng.internal.invokers.TestMethodWorker.invokeTestMethods(TestMethodWorker.java:148)
at org.testng.internal.invokers.TestMethodWorker.run(TestMethodWorker.java:128)
at java.base/java.util.ArrayList.forEach(ArrayList.java:1511)
at org.testng.TestRunner.privateRun(TestRunner.java:829)
at org.testng.TestRunner.run(TestRunner.java:602)
at org.testng.SuiteRunner.runTest(SuiteRunner.java:437)
at org.testng.SuiteRunner.runSequentially(SuiteRunner.java:431)
at org.testng.SuiteRunner.privateRun(SuiteRunner.java:391)
at org.testng.SuiteRunner.run(SuiteRunner.java:330)
at org.testng.SuiteRunnerWorker.runSuite(SuiteRunnerWorker.java:52)
at org.testng.SuiteRunnerWorker.run(SuiteRunnerWorker.java:95)
at org.testng.TestNG.runSuitesSequentially(TestNG.java:1256)
at org.testng.TestNG.runSuitesLocally(TestNG.java:1176)
at org.testng.TestNG.runSuites(TestNG.java:1099)
at org.testng.TestNG.run(TestNG.java:1067)
at org.testng.remote.AbstractRemoteTestNG.run(AbstractRemoteTestNG.java:115)
at org.testng.remote.RemoteTestNG.initAndRun(RemoteTestNG.java:251)
at org.testng.remote.RemoteTestNG.main(RemoteTestNG.java:77)
]]>
            </full-stacktrace>
          </exception> <!-- java.lang.AssertionError -->
          <reporter-output>
          </reporter-output>
        </test-method> <!-- verifyTitle -->
        <test-method is-config="true" signature="teardown()[pri:0, instance:com.pageobject.tests.FirstLoginPageTest@2d901eb0]" started-at="2023-06-07T14:15:57 IST" name="teardown" finished-at="2023-06-07T14:15:57 IST" duration-ms="184" status="PASS">
          <reporter-output>
          </reporter-output>
        </test-method> <!-- teardown -->
        <test-method is-config="true" signature="setUp()[pri:0, instance:com.pageobject.tests.FirstLoginPageTest@2d901eb0]" started-at="2023-06-07T14:15:57 IST" name="setUp" finished-at="2023-06-07T14:15:59 IST" duration-ms="2172" status="PASS">
          <reporter-output>
          </reporter-output>
        </test-method> <!-- setUp -->
        <test-method signature="verify_Login()[pri:0, instance:com.pageobject.tests.FirstLoginPageTest@2d901eb0]" started-at="2023-06-07T14:15:59 IST" name="verify_Login" finished-at="2023-06-07T14:15:59 IST" duration-ms="104" status="PASS">
          <reporter-output>
          </reporter-output>
        </test-method> <!-- verify_Login -->
        <test-method is-config="true" signature="teardown()[pri:0, instance:com.pageobject.tests.FirstLoginPageTest@2d901eb0]" started-at="2023-06-07T14:15:59 IST" name="teardown" finished-at="2023-06-07T14:16:00 IST" duration-ms="178" status="PASS">
          <reporter-output>
          </reporter-output>
        </test-method> <!-- teardown -->
        <test-method is-config="true" signature="afterSuite()[pri:0, instance:com.pageobject.tests.FirstLoginPageTest@2d901eb0]" started-at="2023-06-07T14:16:00 IST" name="afterSuite" finished-at="2023-06-07T14:16:00 IST" duration-ms="1" status="PASS">
          <reporter-output>
          </reporter-output>
        </test-method> <!-- afterSuite -->
      </class> <!-- com.pageobject.tests.FirstLoginPageTest -->
    </test> <!-- Test1 -->
  </suite> <!-- Suite1 -->
</testng-results>
